<?xml version="1.0" encoding="UTF-8"?>
<!-- Generated by org.testng.reporters.JUnitReportReporter -->
<testsuite skipped="0" hostname="KunalMalik" name="webdriver_practice.practice" tests="1" failures="0" timestamp="28 Jan 2018 16:44:19 GMT" time="9.343" errors="0">
  <testcase name="pract" time="9.343" classname="webdriver_practice.practice"/>
</testsuite> <!-- webdriver_practice.practice -->
