<?xml version="1.0" encoding="UTF-8"?>
<!-- Generated by org.testng.reporters.JUnitReportReporter -->
<testsuite skipped="0" hostname="KunalMalik" name="TestNG.Cross_Browser" tests="2" failures="0" timestamp="08 Nov 2017 07:35:09 GMT" time="27.870" errors="0">
  <testcase name="test1" time="18.583" classname="TestNG.Cross_Browser"/>
  <testcase name="test1" time="9.287" classname="TestNG.Cross_Browser"/>
</testsuite> <!-- TestNG.Cross_Browser -->
