<?xml version="1.0" encoding="UTF-8"?>
<!-- Generated by org.testng.reporters.JUnitReportReporter -->
<testsuite skipped="0" hostname="KunalMalik" name="webdriver_practice.AJAX_Google" tests="1" failures="0" timestamp="27 Jan 2018 22:56:34 GMT" time="15.999" errors="0">
  <testcase name="tc001" time="15.999" classname="webdriver_practice.AJAX_Google"/>
</testsuite> <!-- webdriver_practice.AJAX_Google -->
